app/build/intermediates/manifest_merge_blame_file/release/processReleaseMainManifest/manifest-merger-blame-release-report.txt
1<?xml version="1.0" encoding="utf-8"?>
2<!--
3    Copyright 2019 Google Inc. All Rights Reserved.
4
5     Licensed under the Apache License, Version 2.0 (the "License");
6     you may not use this file except in compliance with the License.
7     You may obtain a copy of the License at
8
9         http://www.apache.org/licenses/LICENSE-2.0
10
11     Unless required by applicable law or agreed to in writing, software
12     distributed under the License is distributed on an "AS IS" BASIS,
13     WITHOUT WARRANTIES OR CONDITIONS OF ANY KIND, either express or implied.
14     See the License for the specific language governing permissions and
15     limitations under the License.
16-->
17<!--
18 The "package" attribute is rewritten by the Gradle build with the value of applicationId.
19     It is still required here, as it is used to derive paths, for instance when referring
20     to an Activity by ".MyActivity" instead of the full name. If more Activities are added to the
21     application, the package attribute will need to reflect the correct path in order to use
22     the abbreviated format.
23-->
24<manifest xmlns:android="http://schemas.android.com/apk/res/android"
25    package="com.ivanbeltrame.www.twa"
26    android:versionCode="6"
27    android:versionName="1.1.1" >
28
29    <uses-sdk
30        android:minSdkVersion="25"
31        android:targetSdkVersion="35" />
32
33    <uses-permission android:name="android.permission.POST_NOTIFICATIONS" />
33-->src\main\AndroidManifest.xml:25:5-76
33-->src\main\AndroidManifest.xml:25:22-74
34    <uses-permission android:name="com.oculus.permission.HAND_TRACKING" />
34-->src\main\AndroidManifest.xml:26:5-75
34-->src\main\AndroidManifest.xml:26:22-72
35
36    <uses-feature
36-->src\main\AndroidManifest.xml:27:5-30:31
37        android:name="android.hardware.vr.headtracking"
37-->src\main\AndroidManifest.xml:28:9-56
38        android:required="false"
38-->src\main\AndroidManifest.xml:29:9-33
39        android:version="1" />
39-->src\main\AndroidManifest.xml:30:9-28
40    <uses-feature
40-->src\main\AndroidManifest.xml:31:5-33:36
41        android:name="oculus.software.handtracking"
41-->src\main\AndroidManifest.xml:32:9-52
42        android:required="false" />
42-->src\main\AndroidManifest.xml:33:9-33
43
44    <queries>
44-->[com.google.androidbrowserhelper:androidbrowserhelper:2.5.0] AndroidManifest.xml:26:5-34:15
45        <intent>
45-->[com.google.androidbrowserhelper:androidbrowserhelper:2.5.0] AndroidManifest.xml:27:9-33:18
46            <action android:name="android.intent.action.VIEW" />
46-->src\main\AndroidManifest.xml:102:17-68
46-->src\main\AndroidManifest.xml:102:25-66
47
48            <category android:name="android.intent.category.BROWSABLE" />
48-->src\main\AndroidManifest.xml:104:17-77
48-->src\main\AndroidManifest.xml:104:27-75
49
50            <data android:scheme="https" />
50-->src\main\AndroidManifest.xml:105:17-106:54
50-->src\main\AndroidManifest.xml:105:23-45
51        </intent>
52    </queries>
53
54    <application
54-->src\main\AndroidManifest.xml:34:5-134:19
55        android:name="com.ivanbeltrame.www.twa.Application"
55-->src\main\AndroidManifest.xml:35:9-35
56        android:allowBackup="true"
56-->src\main\AndroidManifest.xml:36:9-35
57        android:appComponentFactory="androidx.core.app.CoreComponentFactory"
57-->[androidx.core:core:1.1.0] AndroidManifest.xml:24:18-86
58        android:extractNativeLibs="false"
59        android:icon="@mipmap/ic_launcher"
59-->src\main\AndroidManifest.xml:37:9-43
60        android:label="@string/appName"
60-->src\main\AndroidManifest.xml:38:9-40
61        android:supportsRtl="true"
61-->src\main\AndroidManifest.xml:40:9-35
62        android:theme="@android:style/Theme.Translucent.NoTitleBar" >
62-->src\main\AndroidManifest.xml:41:9-68
63        <meta-data
63-->src\main\AndroidManifest.xml:42:9-44:58
64            android:name="asset_statements"
64-->src\main\AndroidManifest.xml:43:13-44
65            android:resource="@string/assetStatements" />
65-->src\main\AndroidManifest.xml:44:13-55
66        <meta-data
66-->src\main\AndroidManifest.xml:45:9-47:54
67            android:name="web_manifest_url"
67-->src\main\AndroidManifest.xml:46:13-44
68            android:value="@string/webManifestUrl" />
68-->src\main\AndroidManifest.xml:47:13-51
69        <meta-data
69-->src\main\AndroidManifest.xml:48:9-50:52
70            android:name="twa_generator"
70-->src\main\AndroidManifest.xml:49:13-41
71            android:value="@string/generatorApp" />
71-->src\main\AndroidManifest.xml:50:13-49
72        <meta-data
72-->src\main\AndroidManifest.xml:51:9-53:47
73            android:name="com.oculus.pwa.NAME"
73-->src\main\AndroidManifest.xml:52:13-47
74            android:value="@string/appName" />
74-->src\main\AndroidManifest.xml:53:13-44
75        <meta-data
75-->src\main\AndroidManifest.xml:54:9-56:49
76            android:name="com.oculus.pwa.START_URL"
76-->src\main\AndroidManifest.xml:55:13-52
77            android:value="@string/launchUrl" />
77-->src\main\AndroidManifest.xml:56:13-46
78        <meta-data
78-->src\main\AndroidManifest.xml:57:9-59:52
79            android:name="com.oculus.pwa.SCOPE"
79-->src\main\AndroidManifest.xml:58:13-48
80            android:value="@string/fullScopeUrl" />
80-->src\main\AndroidManifest.xml:59:13-49
81
82        <activity
82-->src\main\AndroidManifest.xml:60:9-108:20
83            android:name="com.ivanbeltrame.www.twa.LauncherActivity"
83-->src\main\AndroidManifest.xml:60:19-50
84            android:alwaysRetainTaskState="true"
84-->src\main\AndroidManifest.xml:61:13-49
85            android:exported="true"
85-->src\main\AndroidManifest.xml:63:13-36
86            android:label="@string/launcherName" >
86-->src\main\AndroidManifest.xml:62:13-49
87            <meta-data
87-->src\main\AndroidManifest.xml:64:13-65:53
88                android:name="android.support.customtabs.trusted.DEFAULT_URL"
88-->src\main\AndroidManifest.xml:64:24-85
89                android:value="@string/launchUrl" />
89-->src\main\AndroidManifest.xml:65:17-50
90            <meta-data
90-->src\main\AndroidManifest.xml:66:13-68:58
91                android:name="android.support.customtabs.trusted.STATUS_BAR_COLOR"
91-->src\main\AndroidManifest.xml:67:17-83
92                android:resource="@color/colorPrimary" />
92-->src\main\AndroidManifest.xml:68:17-55
93            <meta-data
93-->src\main\AndroidManifest.xml:69:13-71:62
94                android:name="android.support.customtabs.trusted.STATUS_BAR_COLOR_DARK"
94-->src\main\AndroidManifest.xml:70:17-88
95                android:resource="@color/colorPrimaryDark" />
95-->src\main\AndroidManifest.xml:71:17-59
96            <meta-data
96-->src\main\AndroidManifest.xml:72:13-74:61
97                android:name="android.support.customtabs.trusted.NAVIGATION_BAR_COLOR"
97-->src\main\AndroidManifest.xml:73:17-87
98                android:resource="@color/navigationColor" />
98-->src\main\AndroidManifest.xml:74:17-58
99            <meta-data
99-->src\main\AndroidManifest.xml:75:13-77:65
100                android:name="android.support.customtabs.trusted.NAVIGATION_BAR_COLOR_DARK"
100-->src\main\AndroidManifest.xml:76:17-92
101                android:resource="@color/navigationColorDark" />
101-->src\main\AndroidManifest.xml:77:17-62
102            <meta-data
102-->src\main\AndroidManifest.xml:78:13-80:68
103                android:name="androix.browser.trusted.NAVIGATION_BAR_DIVIDER_COLOR"
103-->src\main\AndroidManifest.xml:79:17-84
104                android:resource="@color/navigationDividerColor" />
104-->src\main\AndroidManifest.xml:80:17-65
105            <meta-data
105-->src\main\AndroidManifest.xml:81:13-83:72
106                android:name="androix.browser.trusted.NAVIGATION_BAR_DIVIDER_COLOR_DARK"
106-->src\main\AndroidManifest.xml:82:17-89
107                android:resource="@color/navigationDividerColorDark" />
107-->src\main\AndroidManifest.xml:83:17-69
108            <meta-data
108-->src\main\AndroidManifest.xml:84:13-85:52
109                android:name="android.support.customtabs.trusted.SPLASH_IMAGE_DRAWABLE"
109-->src\main\AndroidManifest.xml:84:24-95
110                android:resource="@mipmap/splash" />
110-->src\main\AndroidManifest.xml:85:17-50
111            <meta-data
111-->src\main\AndroidManifest.xml:86:13-87:60
112                android:name="android.support.customtabs.trusted.SPLASH_SCREEN_BACKGROUND_COLOR"
112-->src\main\AndroidManifest.xml:86:24-104
113                android:resource="@color/backgroundColor" />
113-->src\main\AndroidManifest.xml:87:17-58
114            <meta-data
114-->src\main\AndroidManifest.xml:88:13-89:71
115                android:name="android.support.customtabs.trusted.SPLASH_SCREEN_FADE_OUT_DURATION"
115-->src\main\AndroidManifest.xml:88:24-105
116                android:value="@integer/splashScreenFadeOutDuration" />
116-->src\main\AndroidManifest.xml:89:17-69
117            <meta-data
117-->src\main\AndroidManifest.xml:90:13-91:60
118                android:name="android.support.customtabs.trusted.FILE_PROVIDER_AUTHORITY"
118-->src\main\AndroidManifest.xml:90:24-97
119                android:value="@string/providerAuthority" />
119-->src\main\AndroidManifest.xml:91:17-58
120            <meta-data
120-->src\main\AndroidManifest.xml:92:13-97
121                android:name="android.app.shortcuts"
121-->src\main\AndroidManifest.xml:92:24-60
122                android:resource="@xml/shortcuts" />
122-->src\main\AndroidManifest.xml:92:61-94
123            <meta-data
123-->src\main\AndroidManifest.xml:93:13-94:56
124                android:name="android.support.customtabs.trusted.FALLBACK_STRATEGY"
124-->src\main\AndroidManifest.xml:93:24-91
125                android:value="@string/fallbackType" />
125-->src\main\AndroidManifest.xml:94:17-53
126            <meta-data
126-->src\main\AndroidManifest.xml:95:13-96:54
127                android:name="android.support.customtabs.trusted.SCREEN_ORIENTATION"
127-->src\main\AndroidManifest.xml:95:24-92
128                android:value="@string/orientation" />
128-->src\main\AndroidManifest.xml:96:17-52
129
130            <intent-filter>
130-->src\main\AndroidManifest.xml:97:13-100:29
131                <action android:name="android.intent.action.MAIN" />
131-->src\main\AndroidManifest.xml:98:17-69
131-->src\main\AndroidManifest.xml:98:25-66
132
133                <category android:name="android.intent.category.LAUNCHER" />
133-->src\main\AndroidManifest.xml:99:17-77
133-->src\main\AndroidManifest.xml:99:27-74
134            </intent-filter>
135            <intent-filter android:autoVerify="true" >
135-->src\main\AndroidManifest.xml:101:13-107:29
135-->src\main\AndroidManifest.xml:101:28-53
136                <action android:name="android.intent.action.VIEW" />
136-->src\main\AndroidManifest.xml:102:17-68
136-->src\main\AndroidManifest.xml:102:25-66
137
138                <category android:name="android.intent.category.DEFAULT" />
138-->src\main\AndroidManifest.xml:103:17-76
138-->src\main\AndroidManifest.xml:103:27-73
139                <category android:name="android.intent.category.BROWSABLE" />
139-->src\main\AndroidManifest.xml:104:17-77
139-->src\main\AndroidManifest.xml:104:27-75
140
141                <data
141-->src\main\AndroidManifest.xml:105:17-106:54
142                    android:host="@string/hostName"
142-->src\main\AndroidManifest.xml:106:21-52
143                    android:scheme="https" />
143-->src\main\AndroidManifest.xml:105:23-45
144            </intent-filter>
145        </activity>
146        <activity android:name="com.google.androidbrowserhelper.trusted.FocusActivity" />
146-->src\main\AndroidManifest.xml:109:9-90
146-->src\main\AndroidManifest.xml:109:19-87
147        <activity
147-->src\main\AndroidManifest.xml:110:9-111:62
148            android:name="com.google.androidbrowserhelper.trusted.WebViewFallbackActivity"
148-->src\main\AndroidManifest.xml:110:19-97
149            android:configChanges="orientation|screenSize" />
149-->src\main\AndroidManifest.xml:111:13-59
150
151        <provider
151-->src\main\AndroidManifest.xml:112:9-120:20
152            android:name="androidx.core.content.FileProvider"
152-->src\main\AndroidManifest.xml:113:13-62
153            android:authorities="@string/providerAuthority"
153-->src\main\AndroidManifest.xml:114:13-60
154            android:exported="false"
154-->src\main\AndroidManifest.xml:116:13-37
155            android:grantUriPermissions="true" >
155-->src\main\AndroidManifest.xml:115:13-47
156            <meta-data
156-->src\main\AndroidManifest.xml:117:13-119:53
157                android:name="android.support.FILE_PROVIDER_PATHS"
157-->src\main\AndroidManifest.xml:118:17-67
158                android:resource="@xml/filepaths" />
158-->src\main\AndroidManifest.xml:119:17-50
159        </provider>
160
161        <service
161-->src\main\AndroidManifest.xml:121:9-132:19
162            android:name="com.ivanbeltrame.www.twa.DelegationService"
162-->src\main\AndroidManifest.xml:122:13-46
163            android:enabled="@bool/enableNotification"
163-->src\main\AndroidManifest.xml:123:13-55
164            android:exported="@bool/enableNotification" >
164-->src\main\AndroidManifest.xml:124:13-56
165            <meta-data
165-->src\main\AndroidManifest.xml:125:13-127:69
166                android:name="android.support.customtabs.trusted.SMALL_ICON"
166-->src\main\AndroidManifest.xml:126:17-77
167                android:resource="@drawable/ic_notification_icon" />
167-->src\main\AndroidManifest.xml:127:17-66
168
169            <intent-filter>
169-->src\main\AndroidManifest.xml:128:13-131:29
170                <action android:name="android.support.customtabs.trusted.TRUSTED_WEB_ACTIVITY_SERVICE" />
170-->src\main\AndroidManifest.xml:129:17-105
170-->src\main\AndroidManifest.xml:129:25-103
171
172                <category android:name="android.intent.category.DEFAULT" />
172-->src\main\AndroidManifest.xml:103:17-76
172-->src\main\AndroidManifest.xml:103:27-73
173            </intent-filter>
174        </service>
175
176        <activity android:name="com.google.androidbrowserhelper.trusted.NotificationPermissionRequestActivity" />
176-->src\main\AndroidManifest.xml:133:9-114
176-->src\main\AndroidManifest.xml:133:19-111
177    </application>
178
179</manifest>